Sat Jul 18 05:40:23 PM UTC 2026: Starting DRC using Magic /usr/local/bin/magic

Magic 8.3 revision 674 - Compiled on Sun Jul 12 06:04:45 AM UTC 2026.
Starting magic under Tcl interpreter
Using the terminal as the console.
WARNING: RLIMIT_NOFILE is above 1024 and Tcl_Version<9 this may cause runtime issues [rlim_cur=10240]
Using NULL graphics device.
Processing system .magicrc file
Switching to WIRING tool.
Switching to NETLIST tool.
Switching to PICK tool.
Switching to BOX tool.
Sourcing design .magicrc for technology sky130A ...
2 Magic internal units = 1 Lambda
Input style sky130(vendor): scaleFactor=2, multiplier=2
The following types are not handled by extraction and will be treated as non-electrical types:
    mvobsactive ubm 
Scaled tech values by 2 / 1 to match internal grid scaling
Loading sky130A Device Generator Menu ...
Using technology "sky130A", version 1.0.283-0-g7519dfb
Cell sram_2x16_bitcell_array read from current working directory
Finished loading cell sram_2x16_bitcell_array
Cell sky130_fd_bd_sram__openram_dp_cell read from current working directory
Processing timestamp mismatches.
Timestamp mismatches found in these cells: sky130_fd_bd_sram__openram_dp_cell.
Finished expanding
Finished drc check
Loading DRC CIF style.
Finished drc catchup
Total DRC errors found: 39097
Sat Jul 18 05:40:24 PM UTC 2026: Finished (0) DRC using Magic /usr/local/bin/magic
